4 ETW000 R3trans version 6.22 (release 720 - 19.08.11 - 15:45:00).
4 ETW000 unicode enabled version
4 ETW000 ===============================================
4 ETW000 
4 ETW000 date&time   : 20.07.2012 - 16:41:05
4 ETW000 control file: /usr/sap/trans/refresh/scripts/export_SALE
4 ETW000 > Export
4 ETW000 > FILE='/usr/sap/trans/refresh/saved_tables/Saved_TABLE_TBDLS'
4 ETW000 > CLIENT=0
4 ETW000 > delete from TBDLS
4 ETW000 > Select * from TBDLS
4 ETW000 > delete from TBDLST
4 ETW000 > select * from TBDLST
4 ETW000 R3trans was called as follows: R3trans -w /usr/sap/trans/refresh/logs/export_sale.log /usr/sap/trans/refresh/scripts/export_SALE
4 ETW000 Connected to DBMS = ORACLE --- dbs_ora_tnsname = 'RQ2' --- SYSTEM = 'RQ2'.
4 ETW690 COMMIT "0" "0"
4 ETW000  trace at level 1 opened for a given file pointer
4 ETW000 
4 ETW000 ================== STEP 1 =====================
4 ETW000 date&time        : 20.07.2012 - 16:41:06
4 ETW000 function         : EXPORT
4 ETW000 data file        : /usr/sap/trans/refresh/saved_tables/Saved_TABLE_TBDLS
4 ETW000 buffersync       : YES
4 ETW000 client           : 000
4 ETW000 langdeletions    : YES
4 ETW000 Syslog: k CQC : rscpexcc-getSetting&                                 rscpexcc 12
4 ETW000 GetDBMigrateCodePagesLangs uses TCP0D, TCPDB, TCP0C.
4 ETW000 Language    : ABCDEFGHIJKLMNOPQRSTUVWXYZ0123456789abcdi(),./:;& (ISO-ARHECSDEENFRELHUITJADAPLZFNLNOPTSKRUESTRFISVBGLTLVZ1SRZHTHKOROSLHRMSUKETAFISCASHIDZ2Z3Z4Z5Z6Z7Z8Z9)
4 ETW000 Compression      : L
4 ETW000 commit           : 100000
4 ETW000 table cache      : dynamic
4 ETW000 
3 ETW678Xstart export of "R3TRCNTDTBDLS" ...
4 ETW000   0 entries from TADIR exported (R3TRCNTDTBDLS                                   ). 
4 ETW679 end export of "R3TRCNTDTBDLS".
3 ETW678Xstart export of "R3TRCNTDTBDLS" ...
4 ETW000 The corresponding TADIR entry was already selected before (R3TRCNTDTBDLS).
4 ETW000  12 entries from TBDLS exported (*). 
4 ETW679 end export of "R3TRCNTDTBDLS".
3 ETW678Xstart export of "R3TRCNTDTBDLST" ...
4 ETW000   0 entries from TADIR exported (R3TRCNTDTBDLST                                  ). 
4 ETW679 end export of "R3TRCNTDTBDLST".
3 ETW678Xstart export of "R3TRCNTDTBDLST" ...
4 ETW000 The corresponding TADIR entry was already selected before (R3TRCNTDTBDLST).
4 ETW000  12 entries from TBDLST exported (*). 
4 ETW679 end export of "R3TRCNTDTBDLST".
4 ETW000 1245 bytes written.
4 ETW000 Transport overhead 46.6 %.
4 ETW000 Data compressed to 15.2 %.
4 ETW000 Duration: 0 sec (1245 bytes/sec).
4 ETW000   0 tables in P-buffer synchronized.
4 ETW000   0 tables in R-buffer synchronized.
4 ETW690 COMMIT "0" "0"
4 ETW000 
4 ETW000 Summary:
4 ETW000 
4 ETW000   2 DELETE commands exported
4 ETW000 Totally 24 tabentries exported
4 ETW000 
4 ETW000  [     dev trc,00000]  Disconnecting from ALL connections:                                   240618  0.240618
4 ETW000  [     dev trc,00000]  Disconnecting from connection 0 ...                                       71  0.240689
4 ETW000  [     dev trc,00000]  Closing user session (con=0, svc=102ba7f78, usr=102c1dfd0)               487  0.241176
4 ETW000  [     dev trc,00000]  Server handle (con=0,svchp=102ba7f78,srvhp=102bcea90) detached          1370  0.242546
4 ETW000  [     dev trc,00000]  Disconnected (con=0) from ORACLE.                                         57  0.242603
4 ETW000  [     dev trc,00000]  Disconnected from connection 0                                            47  0.242650
4 ETW000  [     dev trc,00000]  statistics db_con_commit (com_total=2, com_tx=1)                          49  0.242699
4 ETW000  [     dev trc,00000]  statistics db_con_rollback (roll_total=0, roll_tx=0)                      50  0.242749
4 ETW000 Disconnected from database.
4 ETW000 End of Transport (0000).
4 ETW000 date&time: 20.07.2012 - 16:41:06
