4 ETW000 R3trans version 6.22 (release 720 - 19.08.11 - 15:45:00).
4 ETW000 unicode enabled version
4 ETW000 ===============================================
4 ETW000 
4 ETW000 date&time   : 20.07.2012 - 16:42:06
4 ETW000 control file: /usr/sap/trans/refresh/scripts/export_SMLG
4 ETW000 > Export
4 ETW000 > FILE='/usr/sap/trans/refresh/saved_tables/Saved_TABLE_RZLLITAB'
4 ETW000 > CLIENT=0
4 ETW000 > delete from RZLLITAB
4 ETW000 > select * from RZLLITAB
4 ETW000 R3trans was called as follows: R3trans -w /usr/sap/trans/refresh/logs/export_smlg.log /usr/sap/trans/refresh/scripts/export_SMLG
4 ETW000 Connected to DBMS = ORACLE --- dbs_ora_tnsname = 'RQ2' --- SYSTEM = 'RQ2'.
4 ETW690 COMMIT "0" "0"
4 ETW000  trace at level 1 opened for a given file pointer
4 ETW000 
4 ETW000 ================== STEP 1 =====================
4 ETW000 date&time        : 20.07.2012 - 16:42:06
4 ETW000 function         : EXPORT
4 ETW000 data file        : /usr/sap/trans/refresh/saved_tables/Saved_TABLE_RZLLITAB
4 ETW000 buffersync       : YES
4 ETW000 client           : 000
4 ETW000 langdeletions    : YES
4 ETW000 Syslog: k CQC : rscpexcc-getSetting&                                 rscpexcc 12
4 ETW000 GetDBMigrateCodePagesLangs uses TCP0D, TCPDB, TCP0C.
4 ETW000 Language    : ABCDEFGHIJKLMNOPQRSTUVWXYZ0123456789abcdi(),./:;& (ISO-ARHECSDEENFRELHUITJADAPLZFNLNOPTSKRUESTRFISVBGLTLVZ1SRZHTHKOROSLHRMSUKETAFISCASHIDZ2Z3Z4Z5Z6Z7Z8Z9)
4 ETW000 Compression      : L
4 ETW000 commit           : 100000
4 ETW000 table cache      : dynamic
4 ETW000 
3 ETW678Xstart export of "R3TRCNTDRZLLITAB" ...
4 ETW000   0 entries from TADIR exported (R3TRCNTDRZLLITAB                                ). 
4 ETW679 end export of "R3TRCNTDRZLLITAB".
3 ETW678Xstart export of "R3TRCNTDRZLLITAB" ...
4 ETW000 The corresponding TADIR entry was already selected before (R3TRCNTDRZLLITAB).
4 ETW000   3 entries from RZLLITAB exported (*). 
4 ETW679 end export of "R3TRCNTDRZLLITAB".
4 ETW000 1084 bytes written.
4 ETW000 Transport overhead 59.1 %.
4 ETW000 Data compressed to 24.6 %.
4 ETW000 Duration: 1 sec (1084 bytes/sec).
4 ETW000   0 tables in P-buffer synchronized.
4 ETW000   0 tables in R-buffer synchronized.
4 ETW690 COMMIT "0" "0"
4 ETW000 
4 ETW000 Summary:
4 ETW000 
4 ETW000   1 DELETE command exported
4 ETW000 Totally 3 tabentries exported
4 ETW000 
4 ETW000  [     dev trc,00000]  Fri Jul 20 16:42:07 2012                                              201345  0.201345
4 ETW000  [     dev trc,00000]  Disconnecting from ALL connections:                                       37  0.201382
4 ETW000  [     dev trc,00000]  Disconnecting from connection 0 ...                                       62  0.201444
4 ETW000  [     dev trc,00000]  Closing user session (con=0, svc=102ba7b68, usr=102c1dbe0)               417  0.201861
4 ETW000  [     dev trc,00000]  Server handle (con=0,svchp=102ba7b68,srvhp=102bce680) detached          1352  0.203213
4 ETW000  [     dev trc,00000]  Disconnected (con=0) from ORACLE.                                         58  0.203271
4 ETW000  [     dev trc,00000]  Disconnected from connection 0                                            46  0.203317
4 ETW000  [     dev trc,00000]  statistics db_con_commit (com_total=2, com_tx=1)                          50  0.203367
4 ETW000  [     dev trc,00000]  statistics db_con_rollback (roll_total=0, roll_tx=0)                      49  0.203416
4 ETW000 Disconnected from database.
4 ETW000 End of Transport (0000).
4 ETW000 date&time: 20.07.2012 - 16:42:07
