4 ETW000 R3trans version 6.22 (release 720 - 19.08.11 - 15:45:00).
4 ETW000 unicode enabled version
4 ETW000 ===============================================
4 ETW000 
4 ETW000 date&time   : 20.07.2012 - 16:42:12
4 ETW000 control file: /usr/sap/trans/refresh/scripts/export_SP01
4 ETW000 > Export
4 ETW000 > FILE='/usr/sap/trans/refresh/saved_tables/Saved_TABLE_SP01'
4 ETW000 > CLIENT=100
4 ETW000 > delete from TSP01
4 ETW000 R3trans was called as follows: R3trans -w /usr/sap/trans/refresh/logs/export_sp01.log /usr/sap/trans/refresh/scripts/export_SP01
4 ETW000 Connected to DBMS = ORACLE --- dbs_ora_tnsname = 'RQ2' --- SYSTEM = 'RQ2'.
4 ETW690 COMMIT "0" "0"
4 ETW000  trace at level 1 opened for a given file pointer
4 ETW000 
4 ETW000 ================== STEP 1 =====================
4 ETW000 date&time        : 20.07.2012 - 16:42:12
4 ETW000 function         : EXPORT
4 ETW000 data file        : /usr/sap/trans/refresh/saved_tables/Saved_TABLE_SP01
4 ETW000 buffersync       : YES
4 ETW000 client           : 100
4 ETW000 langdeletions    : YES
4 ETW000 Syslog: k CQC : rscpexcc-getSetting&                                 rscpexcc 12
4 ETW000 GetDBMigrateCodePagesLangs uses TCP0D, TCPDB, TCP0C.
4 ETW000 Language    : ABCDEFGHIJKLMNOPQRSTUVWXYZ0123456789abcdi(),./:;& (ISO-ARHECSDEENFRELHUITJADAPLZFNLNOPTSKRUESTRFISVBGLTLVZ1SRZHTHKOROSLHRMSUKETAFISCASHIDZ2Z3Z4Z5Z6Z7Z8Z9)
4 ETW000 Compression      : L
4 ETW000 commit           : 100000
4 ETW000 table cache      : dynamic
4 ETW000 
3 ETW678Xstart export of "R3TRCNTDTSP01" ...
4 ETW000   0 entries from TADIR exported (R3TRCNTDTSP01                                   ). 
4 ETW679 end export of "R3TRCNTDTSP01".
4 ETW000 1311 bytes written.
4 ETW000 Transport overhead 53.7 %.
4 ETW000 Data compressed to 23.1 %.
4 ETW000 Duration: 0 sec (1311 bytes/sec).
4 ETW690 COMMIT "0" "0"
4 ETW000 
4 ETW000 Summary:
4 ETW000 
4 ETW000   1 DELETE command exported
4 ETW000 
4 ETW000  [     dev trc,00000]  Disconnecting from ALL connections:                                   129738  0.129738
4 ETW000  [     dev trc,00000]  Disconnecting from connection 0 ...                                       57  0.129795
4 ETW000  [     dev trc,00000]  Closing user session (con=0, svc=102ba78e8, usr=102c1d940)               354  0.130149
4 ETW000  [     dev trc,00000]  Server handle (con=0,svchp=102ba78e8,srvhp=102bce400) detached         11578  0.141727
4 ETW000  [     dev trc,00000]  Disconnected (con=0) from ORACLE.                                         88  0.141815
4 ETW000  [     dev trc,00000]  Disconnected from connection 0                                            43  0.141858
4 ETW000  [     dev trc,00000]  statistics db_con_commit (com_total=2, com_tx=1)                          44  0.141902
4 ETW000  [     dev trc,00000]  statistics db_con_rollback (roll_total=0, roll_tx=0)                      42  0.141944
4 ETW000 Disconnected from database.
4 ETW000 End of Transport (0000).
4 ETW000 date&time: 20.07.2012 - 16:42:12
