4 ETW000 R3trans version 6.22 (release 720 - 19.08.11 - 15:45:00).
4 ETW000 unicode enabled version
4 ETW000 ===============================================
4 ETW000 
4 ETW000 date&time   : 20.07.2012 - 16:42:30
4 ETW000 control file: /usr/sap/trans/refresh/scripts/export_WE20
4 ETW000 > Export
4 ETW000 > FILE='/usr/sap/trans/refresh/saved_tables/Saved_TABLE_WE20'
4 ETW000 > CLIENT=100
4 ETW000 > delete from EDPP1
4 ETW000 > select * from EDPP1
4 ETW000 > delete from T002
4 ETW000 > select * from T002
4 ETW000 > delete from T002T
4 ETW000 > select * from T002T
4 ETW000 > delete from TEDST
4 ETW000 > select * from TEDST
4 ETW000 > delete from TEDTT
4 ETW000 > select * from TEDTT
4 ETW000 > delete from EDMA
4 ETW000 > select * from EDMA
4 ETW000 > delete from EDMAT
4 ETW000 > select * from EDMAT
4 ETW000 R3trans was called as follows: R3trans -w /usr/sap/trans/refresh/logs/export_WE20.log /usr/sap/trans/refresh/scripts/export_WE20
4 ETW000 Connected to DBMS = ORACLE --- dbs_ora_tnsname = 'RQ2' --- SYSTEM = 'RQ2'.
4 ETW690 COMMIT "0" "0"
4 ETW000  trace at level 1 opened for a given file pointer
4 ETW000 
4 ETW000 ================== STEP 1 =====================
4 ETW000 date&time        : 20.07.2012 - 16:42:30
4 ETW000 function         : EXPORT
4 ETW000 data file        : /usr/sap/trans/refresh/saved_tables/Saved_TABLE_WE20
4 ETW000 buffersync       : YES
4 ETW000 client           : 100
4 ETW000 langdeletions    : YES
4 ETW000 Syslog: k CQC : rscpexcc-getSetting&                                 rscpexcc 12
4 ETW000 GetDBMigrateCodePagesLangs uses TCP0D, TCPDB, TCP0C.
4 ETW000 Language    : ABCDEFGHIJKLMNOPQRSTUVWXYZ0123456789abcdi(),./:;& (ISO-ARHECSDEENFRELHUITJADAPLZFNLNOPTSKRUESTRFISVBGLTLVZ1SRZHTHKOROSLHRMSUKETAFISCASHIDZ2Z3Z4Z5Z6Z7Z8Z9)
4 ETW000 Compression      : L
4 ETW000 commit           : 100000
4 ETW000 table cache      : dynamic
4 ETW000 
3 ETW678Xstart export of "R3TRCNTDEDPP1" ...
4 ETW000   0 entries from TADIR exported (R3TRCNTDEDPP1                                   ). 
4 ETW679 end export of "R3TRCNTDEDPP1".
3 ETW678Xstart export of "R3TRCNTDEDPP1" ...
4 ETW000 The corresponding TADIR entry was already selected before (R3TRCNTDEDPP1).
4 ETW000   7 entries from EDPP1 exported (100). 
4 ETW679 end export of "R3TRCNTDEDPP1".
3 ETW678Xstart export of "R3TRCNTDT002" ...
4 ETW000   0 entries from TADIR exported (R3TRCNTDT002                                    ). 
4 ETW679 end export of "R3TRCNTDT002".
3 ETW678Xstart export of "R3TRCNTDT002" ...
4 ETW000 The corresponding TADIR entry was already selected before (R3TRCNTDT002).
4 ETW000  41 entries from T002 exported (*). 
4 ETW679 end export of "R3TRCNTDT002".
3 ETW678Xstart export of "R3TRCNTDT002T" ...
4 ETW000   0 entries from TADIR exported (R3TRCNTDT002T                                   ). 
4 ETW679 end export of "R3TRCNTDT002T".
3 ETW678Xstart export of "R3TRCNTDT002T" ...
4 ETW000 The corresponding TADIR entry was already selected before (R3TRCNTDT002T).
4 ETW000 1230 entries from T002T exported (*). 
4 ETW679 end export of "R3TRCNTDT002T".
3 ETW678Xstart export of "R3TRCNTDTEDST" ...
4 ETW000   0 entries from TADIR exported (R3TRCNTDTEDST                                   ). 
4 ETW679 end export of "R3TRCNTDTEDST".
3 ETW678Xstart export of "R3TRCNTDTEDST" ...
4 ETW000 The corresponding TADIR entry was already selected before (R3TRCNTDTEDST).
4 ETW000   7 entries from TEDST exported (*). 
4 ETW679 end export of "R3TRCNTDTEDST".
3 ETW678Xstart export of "R3TRCNTDTEDTT" ...
4 ETW000   0 entries from TADIR exported (R3TRCNTDTEDTT                                   ). 
4 ETW679 end export of "R3TRCNTDTEDTT".
3 ETW678Xstart export of "R3TRCNTDTEDTT" ...
4 ETW000 The corresponding TADIR entry was already selected before (R3TRCNTDTEDTT).
4 ETW000  14 entries from TEDTT exported (*). 
4 ETW679 end export of "R3TRCNTDTEDTT".
3 ETW678Xstart export of "R3TRCNTDEDMA" ...
4 ETW000   0 entries from TADIR exported (R3TRCNTDEDMA                                    ). 
4 ETW679 end export of "R3TRCNTDEDMA".
3 ETW678Xstart export of "R3TRCNTDEDMA" ...
4 ETW000 The corresponding TADIR entry was already selected before (R3TRCNTDEDMA).
4 ETW000   3 entries from EDMA exported (*). 
4 ETW679 end export of "R3TRCNTDEDMA".
3 ETW678Xstart export of "R3TRCNTDEDMAT" ...
4 ETW000   0 entries from TADIR exported (R3TRCNTDEDMAT                                   ). 
4 ETW679 end export of "R3TRCNTDEDMAT".
3 ETW678Xstart export of "R3TRCNTDEDMAT" ...
4 ETW000 The corresponding TADIR entry was already selected before (R3TRCNTDEDMAT).
4 ETW000   6 entries from EDMAT exported (*). 
4 ETW679 end export of "R3TRCNTDEDMAT".
4 ETW000 13600 bytes written.
4 ETW000 Transport overhead 25.1 %.
4 ETW000 Data compressed to 19.5 %.
4 ETW000 Duration: 1 sec (13600 bytes/sec).
4 ETW000   0 tables in P-buffer synchronized.
4 ETW000   0 tables in R-buffer synchronized.
4 ETW690 COMMIT "0" "0"
4 ETW000 
4 ETW000 Summary:
4 ETW000 
4 ETW000   7 DELETE commands exported
4 ETW000 Totally 1308 tabentries exported
4 ETW000 
4 ETW000  [     dev trc,00000]  Fri Jul 20 16:42:31 2012                                              628089  0.628089
4 ETW000  [     dev trc,00000]  Disconnecting from ALL connections:                                       37  0.628126
4 ETW000  [     dev trc,00000]  Disconnecting from connection 0 ...                                       63  0.628189
4 ETW000  [     dev trc,00000]  Closing user session (con=0, svc=102ba9568, usr=102c1f5e0)               638  0.628827
4 ETW000  [     dev trc,00000]  Server handle (con=0,svchp=102ba9568,srvhp=102bd0080) detached          1314  0.630141
4 ETW000  [     dev trc,00000]  Disconnected (con=0) from ORACLE.                                         57  0.630198
4 ETW000  [     dev trc,00000]  Disconnected from connection 0                                            47  0.630245
4 ETW000  [     dev trc,00000]  statistics db_con_commit (com_total=2, com_tx=1)                          50  0.630295
4 ETW000  [     dev trc,00000]  statistics db_con_rollback (roll_total=0, roll_tx=0)                      49  0.630344
4 ETW000 Disconnected from database.
4 ETW000 End of Transport (0000).
4 ETW000 date&time: 20.07.2012 - 16:42:31
