4 ETW000 R3trans version 6.22 (release 720 - 19.08.11 - 15:45:00).
4 ETW000 unicode enabled version
4 ETW000 ===============================================
4 ETW000 
4 ETW000 date&time   : 20.07.2012 - 16:42:24
4 ETW000 control file: /usr/sap/trans/refresh/scripts/export_TWPURLSVR
4 ETW000 > Export
4 ETW000 > FILE='/usr/sap/trans/refresh/saved_tables/Saved_TABLE_TWPURLSVR'
4 ETW000 > CLIENT=0
4 ETW000 > delete from TWPURLSVR
4 ETW000 > select * from TWPURLSVR
4 ETW000 R3trans was called as follows: R3trans -w /usr/sap/trans/refresh/logs/export_TWPURLSVR.log /usr/sap/trans/refresh/scripts/export_TWPURLSVR
4 ETW000 Connected to DBMS = ORACLE --- dbs_ora_tnsname = 'RQ2' --- SYSTEM = 'RQ2'.
4 ETW690 COMMIT "0" "0"
4 ETW000  trace at level 1 opened for a given file pointer
4 ETW000 
4 ETW000 ================== STEP 1 =====================
4 ETW000 date&time        : 20.07.2012 - 16:42:24
4 ETW000 function         : EXPORT
4 ETW000 data file        : /usr/sap/trans/refresh/saved_tables/Saved_TABLE_TWPURLSVR
4 ETW000 buffersync       : YES
4 ETW000 client           : 000
4 ETW000 langdeletions    : YES
4 ETW000 Syslog: k CQC : rscpexcc-getSetting&                                 rscpexcc 12
4 ETW000 GetDBMigrateCodePagesLangs uses TCP0D, TCPDB, TCP0C.
4 ETW000 Language    : ABCDEFGHIJKLMNOPQRSTUVWXYZ0123456789abcdi(),./:;& (ISO-ARHECSDEENFRELHUITJADAPLZFNLNOPTSKRUESTRFISVBGLTLVZ1SRZHTHKOROSLHRMSUKETAFISCASHIDZ2Z3Z4Z5Z6Z7Z8Z9)
4 ETW000 Compression      : L
4 ETW000 commit           : 100000
4 ETW000 table cache      : dynamic
4 ETW000 
3 ETW678Xstart export of "R3TRCNTDTWPURLSVR" ...
4 ETW000   0 entries from TADIR exported (R3TRCNTDTWPURLSVR                               ). 
4 ETW679 end export of "R3TRCNTDTWPURLSVR".
3 ETW678Xstart export of "R3TRCNTDTWPURLSVR" ...
4 ETW000 The corresponding TADIR entry was already selected before (R3TRCNTDTWPURLSVR).
4 ETW000   4 entries from TWPURLSVR exported (*). 
4 ETW679 end export of "R3TRCNTDTWPURLSVR".
4 ETW000 1192 bytes written.
4 ETW000 Transport overhead 34.9 %.
4 ETW000 Data compressed to 14.8 %.
4 ETW000 Duration: 0 sec (1192 bytes/sec).
4 ETW000   0 tables in P-buffer synchronized.
4 ETW000   0 tables in R-buffer synchronized.
4 ETW690 COMMIT "0" "0"
4 ETW000 
4 ETW000 Summary:
4 ETW000 
4 ETW000   1 DELETE command exported
4 ETW000 Totally 4 tabentries exported
4 ETW000 
4 ETW000  [     dev trc,00000]  Disconnecting from ALL connections:                                   169014  0.169014
4 ETW000  [     dev trc,00000]  Disconnecting from connection 0 ...                                       67  0.169081
4 ETW000  [     dev trc,00000]  Closing user session (con=0, svc=102ba7b68, usr=102c1dbe0)               403  0.169484
4 ETW000  [     dev trc,00000]  Server handle (con=0,svchp=102ba7b68,srvhp=102bce680) detached          2169  0.171653
4 ETW000  [     dev trc,00000]  Disconnected (con=0) from ORACLE.                                         85  0.171738
4 ETW000  [     dev trc,00000]  Disconnected from connection 0                                            49  0.171787
4 ETW000  [     dev trc,00000]  statistics db_con_commit (com_total=2, com_tx=1)                          51  0.171838
4 ETW000  [     dev trc,00000]  statistics db_con_rollback (roll_total=0, roll_tx=0)                      50  0.171888
4 ETW000 Disconnected from database.
4 ETW000 End of Transport (0000).
4 ETW000 date&time: 20.07.2012 - 16:42:24
