4 ETW000 R3trans version 6.22 (release 720 - 19.08.11 - 15:45:00).
4 ETW000 unicode enabled version
4 ETW000 ===============================================
4 ETW000 
4 ETW000 date&time   : 20.07.2012 - 16:41:12
4 ETW000 control file: /usr/sap/trans/refresh/scripts/export_T000
4 ETW000 > Export
4 ETW000 > FILE='/usr/sap/trans/refresh/saved_tables/Saved_TABLE_T000'
4 ETW000 > CLIENT=0
4 ETW000 > delete from T000
4 ETW000 > select * from T000
4 ETW000 R3trans was called as follows: R3trans -w /usr/sap/trans/refresh/logs/export_scc4.log /usr/sap/trans/refresh/scripts/export_T000
4 ETW000 Connected to DBMS = ORACLE --- dbs_ora_tnsname = 'RQ2' --- SYSTEM = 'RQ2'.
4 ETW690 COMMIT "0" "0"
4 ETW000  trace at level 1 opened for a given file pointer
4 ETW000 
4 ETW000 ================== STEP 1 =====================
4 ETW000 date&time        : 20.07.2012 - 16:41:13
4 ETW000 function         : EXPORT
4 ETW000 data file        : /usr/sap/trans/refresh/saved_tables/Saved_TABLE_T000
4 ETW000 buffersync       : YES
4 ETW000 client           : 000
4 ETW000 langdeletions    : YES
4 ETW000 Syslog: k CQC : rscpexcc-getSetting&                                 rscpexcc 12
4 ETW000 GetDBMigrateCodePagesLangs uses TCP0D, TCPDB, TCP0C.
4 ETW000 Language    : ABCDEFGHIJKLMNOPQRSTUVWXYZ0123456789abcdi(),./:;& (ISO-ARHECSDEENFRELHUITJADAPLZFNLNOPTSKRUESTRFISVBGLTLVZ1SRZHTHKOROSLHRMSUKETAFISCASHIDZ2Z3Z4Z5Z6Z7Z8Z9)
4 ETW000 Compression      : L
4 ETW000 commit           : 100000
4 ETW000 table cache      : dynamic
4 ETW000 
3 ETW678Xstart export of "R3TRCNTDT000" ...
4 ETW000   0 entries from TADIR exported (R3TRCNTDT000                                    ). 
4 ETW679 end export of "R3TRCNTDT000".
3 ETW678Xstart export of "R3TRCNTDT000" ...
4 ETW000 The corresponding TADIR entry was already selected before (R3TRCNTDT000).
4 ETW000   3 entries from T000 exported (*). 
4 ETW679 end export of "R3TRCNTDT000".
4 ETW000 1222 bytes written.
4 ETW000 Transport overhead 56.5 %.
4 ETW000 Data compressed to 24.9 %.
4 ETW000 Duration: 0 sec (1222 bytes/sec).
4 ETW000   0 tables in P-buffer synchronized.
4 ETW000   0 tables in R-buffer synchronized.
4 ETW690 COMMIT "0" "0"
4 ETW000 
4 ETW000 Summary:
4 ETW000 
4 ETW000   1 DELETE command exported
4 ETW000 Totally 3 tabentries exported
4 ETW000 
4 ETW000  [     dev trc,00000]  Disconnecting from ALL connections:                                   123620  0.123620
4 ETW000  [     dev trc,00000]  Disconnecting from connection 0 ...                                       70  0.123690
4 ETW000  [     dev trc,00000]  Closing user session (con=0, svc=102ba7b68, usr=102c1dbe0)               502  0.124192
4 ETW000  [     dev trc,00000]  Server handle (con=0,svchp=102ba7b68,srvhp=102bce680) detached          3804  0.127996
4 ETW000  [     dev trc,00000]  Disconnected (con=0) from ORACLE.                                         57  0.128053
4 ETW000  [     dev trc,00000]  Disconnected from connection 0                                            47  0.128100
4 ETW000  [     dev trc,00000]  statistics db_con_commit (com_total=2, com_tx=1)                          50  0.128150
4 ETW000  [     dev trc,00000]  statistics db_con_rollback (roll_total=0, roll_tx=0)                      50  0.128200
4 ETW000 Disconnected from database.
4 ETW000 End of Transport (0000).
4 ETW000 date&time: 20.07.2012 - 16:41:13
