4 ETW000 R3trans version 6.22 (release 720 - 19.08.11 - 15:45:00).
4 ETW000 unicode enabled version
4 ETW000 ===============================================
4 ETW000 
4 ETW000 date&time   : 20.07.2012 - 16:41:47
4 ETW000 control file: /usr/sap/trans/refresh/scripts/export_SM37
4 ETW000 > Export
4 ETW000 > FILE='/usr/sap/trans/refresh/saved_tables/Saved_TABLE_SM37'
4 ETW000 > CLIENT=000
4 ETW000 > delete from TBTCA
4 ETW000 > select * from TBTCA
4 ETW000 > delete from TBTCB
4 ETW000 > select * from TBTCB
4 ETW000 > delete from TBTCCNTXT
4 ETW000 > select * from TBTCCNTXT
4 ETW000 > delete from TBTCCTXTT
4 ETW000 > select * from TBTCCTXTT
4 ETW000 > delete from TBTCCTXTTP
4 ETW000 > select * from TBTCCTXTTP
4 ETW000 > delete from TBTCI
4 ETW000 > select * from TBTCI
4 ETW000 > delete from TBTCJSTEP
4 ETW000 > select * from TBTCJSTEP
4 ETW000 > delete from TBTCO
4 ETW000 > select * from TBTCO
4 ETW000 > delete from TBTCP
4 ETW000 > select * from TBTCP
4 ETW000 > delete from TBTCR
4 ETW000 > select * from TBTCR
4 ETW000 > delete from TBTCS
4 ETW000 > select * from TBTCS
4 ETW000 R3trans was called as follows: R3trans -w /usr/sap/trans/refresh/logs/export_sm37.log /usr/sap/trans/refresh/scripts/export_SM37
4 ETW000 Connected to DBMS = ORACLE --- dbs_ora_tnsname = 'RQ2' --- SYSTEM = 'RQ2'.
4 ETW690 COMMIT "0" "0"
4 ETW000  trace at level 1 opened for a given file pointer
4 ETW000 
4 ETW000 ================== STEP 1 =====================
4 ETW000 date&time        : 20.07.2012 - 16:41:47
4 ETW000 function         : EXPORT
4 ETW000 data file        : /usr/sap/trans/refresh/saved_tables/Saved_TABLE_SM37
4 ETW000 buffersync       : YES
4 ETW000 client           : 000
4 ETW000 langdeletions    : YES
4 ETW000 Syslog: k CQC : rscpexcc-getSetting&                                 rscpexcc 12
4 ETW000 GetDBMigrateCodePagesLangs uses TCP0D, TCPDB, TCP0C.
4 ETW000 Language    : ABCDEFGHIJKLMNOPQRSTUVWXYZ0123456789abcdi(),./:;& (ISO-ARHECSDEENFRELHUITJADAPLZFNLNOPTSKRUESTRFISVBGLTLVZ1SRZHTHKOROSLHRMSUKETAFISCASHIDZ2Z3Z4Z5Z6Z7Z8Z9)
4 ETW000 Compression      : L
4 ETW000 commit           : 100000
4 ETW000 table cache      : dynamic
4 ETW000 
3 ETW678Xstart export of "R3TRCNTDTBTCA" ...
4 ETW000   0 entries from TADIR exported (R3TRCNTDTBTCA                                   ). 
4 ETW679 end export of "R3TRCNTDTBTCA".
3 ETW678Xstart export of "R3TRCNTDTBTCA" ...
4 ETW000   0 entries from TBTCA exported (*). 
4 ETW000 The corresponding TADIR entry was already selected before (R3TRCNTDTBTCA).
4 ETW679 end export of "R3TRCNTDTBTCA".
3 ETW678Xstart export of "R3TRCNTDTBTCB" ...
4 ETW000   0 entries from TADIR exported (R3TRCNTDTBTCB                                   ). 
4 ETW679 end export of "R3TRCNTDTBTCB".
3 ETW678Xstart export of "R3TRCNTDTBTCB" ...
4 ETW000   0 entries from TBTCB exported (*). 
4 ETW000 The corresponding TADIR entry was already selected before (R3TRCNTDTBTCB).
4 ETW679 end export of "R3TRCNTDTBTCB".
3 ETW678Xstart export of "R3TRCNTDTBTCCNTXT" ...
4 ETW000   0 entries from TADIR exported (R3TRCNTDTBTCCNTXT                               ). 
4 ETW679 end export of "R3TRCNTDTBTCCNTXT".
3 ETW678Xstart export of "R3TRCNTDTBTCCNTXT" ...
4 ETW000 The corresponding TADIR entry was already selected before (R3TRCNTDTBTCCNTXT).
4 ETW000 5919 entries from TBTCCNTXT exported (*). 
4 ETW679 end export of "R3TRCNTDTBTCCNTXT".
3 ETW678Xstart export of "R3TRCNTDTBTCCTXTT" ...
4 ETW000   0 entries from TADIR exported (R3TRCNTDTBTCCTXTT                               ). 
4 ETW679 end export of "R3TRCNTDTBTCCTXTT".
3 ETW678Xstart export of "R3TRCNTDTBTCCTXTT" ...
4 ETW000 The corresponding TADIR entry was already selected before (R3TRCNTDTBTCCTXTT).
4 ETW000   6 entries from TBTCCTXTT exported (*). 
4 ETW679 end export of "R3TRCNTDTBTCCTXTT".
3 ETW678Xstart export of "R3TRCNTDTBTCCTXTTP" ...
4 ETW000   0 entries from TADIR exported (R3TRCNTDTBTCCTXTTP                              ). 
4 ETW679 end export of "R3TRCNTDTBTCCTXTTP".
3 ETW678Xstart export of "R3TRCNTDTBTCCTXTTP" ...
4 ETW000 The corresponding TADIR entry was already selected before (R3TRCNTDTBTCCTXTTP).
4 ETW000   6 entries from TBTCCTXTTP exported (*). 
4 ETW679 end export of "R3TRCNTDTBTCCTXTTP".
3 ETW678Xstart export of "R3TRCNTDTBTCI" ...
4 ETW000   0 entries from TADIR exported (R3TRCNTDTBTCI                                   ). 
4 ETW679 end export of "R3TRCNTDTBTCI".
3 ETW678Xstart export of "R3TRCNTDTBTCI" ...
4 ETW000   0 entries from TBTCI exported (*). 
4 ETW000 The corresponding TADIR entry was already selected before (R3TRCNTDTBTCI).
4 ETW679 end export of "R3TRCNTDTBTCI".
3 ETW678Xstart export of "R3TRCNTDTBTCJSTEP" ...
4 ETW000   0 entries from TADIR exported (R3TRCNTDTBTCJSTEP                               ). 
4 ETW679 end export of "R3TRCNTDTBTCJSTEP".
3 ETW678Xstart export of "R3TRCNTDTBTCJSTEP" ...
4 ETW000   0 entries from TBTCJSTEP exported (*). 
4 ETW000 The corresponding TADIR entry was already selected before (R3TRCNTDTBTCJSTEP).
4 ETW679 end export of "R3TRCNTDTBTCJSTEP".
3 ETW678Xstart export of "R3TRCNTDTBTCO" ...
4 ETW000   0 entries from TADIR exported (R3TRCNTDTBTCO                                   ). 
4 ETW679 end export of "R3TRCNTDTBTCO".
3 ETW678Xstart export of "R3TRCNTDTBTCO" ...
4 ETW000 The corresponding TADIR entry was already selected before (R3TRCNTDTBTCO).
4 ETW000 16872 entries from TBTCO exported (*). 
4 ETW679 end export of "R3TRCNTDTBTCO".
3 ETW678Xstart export of "R3TRCNTDTBTCP" ...
4 ETW000   0 entries from TADIR exported (R3TRCNTDTBTCP                                   ). 
4 ETW679 end export of "R3TRCNTDTBTCP".
3 ETW678Xstart export of "R3TRCNTDTBTCP" ...
4 ETW000 The corresponding TADIR entry was already selected before (R3TRCNTDTBTCP).
4 ETW000 16879 entries from TBTCP exported (*). 
4 ETW679 end export of "R3TRCNTDTBTCP".
3 ETW678Xstart export of "R3TRCNTDTBTCR" ...
4 ETW000   0 entries from TADIR exported (R3TRCNTDTBTCR                                   ). 
4 ETW679 end export of "R3TRCNTDTBTCR".
3 ETW678Xstart export of "R3TRCNTDTBTCR" ...
4 ETW000 The corresponding TADIR entry was already selected before (R3TRCNTDTBTCR).
4 ETW000   3 entries from TBTCR exported (*). 
4 ETW679 end export of "R3TRCNTDTBTCR".
3 ETW678Xstart export of "R3TRCNTDTBTCS" ...
4 ETW000   0 entries from TADIR exported (R3TRCNTDTBTCS                                   ). 
4 ETW679 end export of "R3TRCNTDTBTCS".
3 ETW678Xstart export of "R3TRCNTDTBTCS" ...
4 ETW000 The corresponding TADIR entry was already selected before (R3TRCNTDTBTCS).
4 ETW000  41 entries from TBTCS exported (*). 
4 ETW679 end export of "R3TRCNTDTBTCS".
4 ETW000 2426627 bytes written.
4 ETW000 Transport overhead 1.3 %.
4 ETW000 Data compressed to 3.7 %.
4 ETW000 Duration: 7 sec (346661 bytes/sec).
4 ETW000   0 tables in P-buffer synchronized.
4 ETW000   0 tables in R-buffer synchronized.
4 ETW690 COMMIT "0" "0"
4 ETW000 
4 ETW000 Summary:
4 ETW000 
4 ETW000  11 DELETE commands exported
4 ETW000 Totally 39726 tabentries exported
4 ETW000 
4 ETW000  [     dev trc,00000]  Fri Jul 20 16:41:54 2012                                             6399317  6.399317
4 ETW000  [     dev trc,00000]  Disconnecting from ALL connections:                                       38  6.399355
4 ETW000  [     dev trc,00000]  Disconnecting from connection 0 ...                                       73  6.399428
4 ETW000  [     dev trc,00000]  Closing user session (con=0, svc=102baa708, usr=102c20780)              2473  6.401901
4 ETW000  [     dev trc,00000]  Server handle (con=0,svchp=102baa708,srvhp=102bd1220) detached          2255  6.404156
4 ETW000  [     dev trc,00000]  Disconnected (con=0) from ORACLE.                                         58  6.404214
4 ETW000  [     dev trc,00000]  Disconnected from connection 0                                            47  6.404261
4 ETW000  [     dev trc,00000]  statistics db_con_commit (com_total=2, com_tx=1)                          49  6.404310
4 ETW000  [     dev trc,00000]  statistics db_con_rollback (roll_total=0, roll_tx=0)                      49  6.404359
4 ETW000 Disconnected from database.
4 ETW000 End of Transport (0000).
4 ETW000 date&time: 20.07.2012 - 16:41:54
