4 ETW000 R3trans version 6.22 (release 720 - 19.08.11 - 15:45:00).
4 ETW000 unicode enabled version
4 ETW000 ===============================================
4 ETW000 
4 ETW000 date&time   : 27.07.2012 - 10:36:08
4 ETW000 control file: /usr/sap/trans/refresh/scripts/import_TWPURLSVR
4 ETW000 > Import
4 ETW000 > FILE='/usr/sap/trans/refresh/saved_tables/Saved_TABLE_TWPURLSVR'
4 ETW000 > CLIENT=0
4 ETW000 R3trans was called as follows: R3trans -w /usr/sap/trans/refresh/logs/import_TWPURLSVR.log /usr/sap/trans/refresh/scripts/import_TWPURLSVR
4 ETW000 Connected to DBMS = ORACLE --- dbs_ora_tnsname = 'RQ2' --- SYSTEM = 'RQ2'.
4 ETW690 COMMIT "0" "0"
4 ETW000  trace at level 1 opened for a given file pointer
4 ETW000 
4 ETW000 ================== STEP 1 =====================
4 ETW000 date&time        : 27.07.2012 - 10:36:08
4 ETW000 function         : IMPORT
4 ETW000 data file        : /usr/sap/trans/refresh/saved_tables/Saved_TABLE_TWPURLSVR
4 ETW000 buffersync       : YES
4 ETW000 client           : 000
4 ETW000 repeatimport     : NO
4 ETW000 repeatclimport   : NO
4 ETW000 c.s.i.           : NO
4 ETW000 charsetadapt     : YES
4 ETW000 def. charset     : WEUROPEAN
4 ETW000 commit           : 100000
4 ETW000 table cache      : dynamic
4 ETW000 
4 ETW000 Data file is compressed with algorithm 'L'.
4 ETW000 export timestamp: 20120720214224
3 ETW709 "702 "
4 ETW000 exported with R3trans version: 19.08.11 - 15:45:00
4 ETW000 Source System = Solaris on SPARCV9 CPU on DBMS = ORACLE --- dbs_ora_tnsname = 'RQ2' --- SYSTEM = 'RQ2'.
3WETW000 source system == target system.
4 ETW000 
4 ETW000 language vector during export: ABCDEFGHIJKLMNOPQRSTUVWXYZ0123456789abcdi(),./:;&
4 ETW000 language vector during export: ABCDEFGHIJKLMNOPQRSTUVWXYZ0123456789abcdi(),./:;& (ISO-ARHECSDEENFRELHUITJADAPLZFNLNOPTSKRUESTRFISVBGLTLVZ1SRZHTHKOROSLHRMSUKETAFISCASHIDZ2Z3Z4Z5Z6Z7Z8Z9)
4 ETW000 lsm during export: VECTOR
3 ETW674Xstart import of "              000000R3TRCNTDTWPURLSVR" ...
4 ETW000  [     dev trc,00000]  table logging switched off for all clients                              9979  0.009979
4 ETW000   4 entries from TWPURLSVR (%) deleted.
4 ETW675 end import of "              000000R3TRCNTDTWPURLSVR".
3 ETW674Xstart import of "              000000R3TRCNTDTWPURLSVR" ...
4 ETW000   4 entries for TWPURLSVR inserted (*).
4 ETW675 end import of "              000000R3TRCNTDTWPURLSVR".
4 ETW000   0 tables in P-buffer synchronized.
4 ETW000   1 tables in R-buffer synchronized.
4 ETW690 COMMIT "7520" "7520"
4 ETW000 1192 bytes read.
4 ETW000 Transport overhead 34.9 %.
4 ETW000 Data compressed to 14.8 %.
4 ETW000 Duration: 0 sec (1192 bytes/sec).
3 ETW710 "1" "0"
4 ETW000 
4 ETW000 Summary:
4 ETW000 
4 ETW000 Totally 4 tabentries deleted.
4 ETW000 Totally 4 tabentries imported.
4 ETW000 7520 bytes modified in database.
4 ETW000  [     dev trc,00000]  Disconnecting from ALL connections:                                    25250  0.035229
4 ETW000  [     dev trc,00000]  Disconnecting from connection 0 ...                                       63  0.035292
4 ETW000  [     dev trc,00000]  Closing user session (con=0, svc=102ba8318, usr=102c1dc30)               333  0.035625
4 ETW000  [     dev trc,00000]  Server handle (con=0,svchp=102ba8318,srvhp=102bce800) detached          1020  0.036645
4 ETW000  [     dev trc,00000]  Disconnected (con=0) from ORACLE.                                         56  0.036701
4 ETW000  [     dev trc,00000]  Disconnected from connection 0                                            47  0.036748
4 ETW000  [     dev trc,00000]  statistics db_con_commit (com_total=2, com_tx=2)                          48  0.036796
4 ETW000  [     dev trc,00000]  statistics db_con_rollback (roll_total=0, roll_tx=0)                      48  0.036844
4 ETW000 Disconnected from database.
4 ETW000 End of Transport (0004).
4 ETW000 date&time: 27.07.2012 - 10:36:08
4 ETW000 1 warning occured.
