4 ETW000 R3trans version 6.22 (release 720 - 19.08.11 - 15:45:00).
4 ETW000 unicode enabled version
4 ETW000 ===============================================
4 ETW000 
4 ETW000 date&time   : 26.07.2012 - 11:16:00
4 ETW000 control file: /usr/sap/trans/refresh/scripts/import_SM35
4 ETW000 > Import
4 ETW000 > FILE='/usr/sap/trans/refresh/saved_tables/Saved_TABLE_APQI'
4 ETW000 > CLIENT=100
4 ETW000 R3trans was called as follows: R3trans -w /usr/sap/trans/refresh/logs/import_sm35.log /usr/sap/trans/refresh/scripts/import_SM35
4 ETW000 Connected to DBMS = ORACLE --- dbs_ora_tnsname = 'RQ2' --- SYSTEM = 'RQ2'.
4 ETW690 COMMIT "0" "0"
4 ETW000  trace at level 1 opened for a given file pointer
4 ETW000 
4 ETW000 ================== STEP 1 =====================
4 ETW000 date&time        : 26.07.2012 - 11:16:01
4 ETW000 function         : IMPORT
4 ETW000 data file        : /usr/sap/trans/refresh/saved_tables/Saved_TABLE_APQI
4 ETW000 buffersync       : YES
4 ETW000 client           : 100
4 ETW000 repeatimport     : NO
4 ETW000 repeatclimport   : NO
4 ETW000 c.s.i.           : NO
4 ETW000 charsetadapt     : YES
4 ETW000 def. charset     : WEUROPEAN
4 ETW000 commit           : 100000
4 ETW000 table cache      : dynamic
4 ETW000 
4 ETW000 Data file is compressed with algorithm 'L'.
4 ETW000 export timestamp: 20120720214138
3 ETW709 "702 "
4 ETW000 exported with R3trans version: 19.08.11 - 15:45:00
4 ETW000 Source System = Solaris on SPARCV9 CPU on DBMS = ORACLE --- dbs_ora_tnsname = 'RQ2' --- SYSTEM = 'RQ2'.
3WETW000 source system == target system.
4 ETW000 
4 ETW000 language vector during export: ABCDEFGHIJKLMNOPQRSTUVWXYZ0123456789abcdi(),./:;&
4 ETW000 language vector during export: ABCDEFGHIJKLMNOPQRSTUVWXYZ0123456789abcdi(),./:;& (ISO-ARHECSDEENFRELHUITJADAPLZFNLNOPTSKRUESTRFISVBGLTLVZ1SRZHTHKOROSLHRMSUKETAFISCASHIDZ2Z3Z4Z5Z6Z7Z8Z9)
4 ETW000 lsm during export: VECTOR
3 ETW674Xstart import of "              000000R3TRCNTDAPQI" ...
4 ETW000 1352 entries from APQI (%) deleted.
4 ETW690 COMMIT "930176" "930176"
4 ETW675 end import of "              000000R3TRCNTDAPQI".
4 ETW000   0 tables in P-buffer synchronized.
4 ETW000   0 tables in R-buffer synchronized.
4 ETW690 COMMIT "0" "930176"
4 ETW000 1233 bytes read.
4 ETW000 Transport overhead 54.6 %.
4 ETW000 Data compressed to 23.3 %.
4 ETW000 Duration: 0 sec (1233 bytes/sec).
3 ETW710 "1" "0"
4 ETW000 
4 ETW000 Summary:
4 ETW000 
4 ETW000 Totally 1352 tabentries deleted.
4 ETW000 930176 bytes modified in database.
4 ETW000  [     dev trc,00000]  Disconnecting from ALL connections:                                   601371  0.601371
4 ETW000  [     dev trc,00000]  Disconnecting from connection 0 ...                                       65  0.601436
4 ETW000  [     dev trc,00000]  Closing user session (con=0, svc=102ba8318, usr=102c1dc30)               441  0.601877
4 ETW000  [     dev trc,00000]  Server handle (con=0,svchp=102ba8318,srvhp=102bce800) detached          2088  0.603965
4 ETW000  [     dev trc,00000]  Disconnected (con=0) from ORACLE.                                         57  0.604022
4 ETW000  [     dev trc,00000]  Disconnected from connection 0                                            48  0.604070
4 ETW000  [     dev trc,00000]  statistics db_con_commit (com_total=3, com_tx=2)                          50  0.604120
4 ETW000  [     dev trc,00000]  statistics db_con_rollback (roll_total=0, roll_tx=0)                      49  0.604169
4 ETW000 Disconnected from database.
4 ETW000 End of Transport (0004).
4 ETW000 date&time: 26.07.2012 - 11:16:01
4 ETW000 1 warning occured.
