4 ETW000 R3trans version 6.22 (release 720 - 19.08.11 - 15:45:00).
4 ETW000 unicode enabled version
4 ETW000 ===============================================
4 ETW000 
4 ETW000 date&time   : 30.07.2012 - 09:04:55
4 ETW000 control file: /usr/sap/trans/refresh/scripts/import_SCOT
4 ETW000 > Import
4 ETW000 > FILE='/usr/sap/trans/refresh/saved_tables/Saved_TABLE_SCOT'
4 ETW000 > CLIENT=100
4 ETW000 R3trans was called as follows: R3trans -w /usr/sap/trans/refresh/logs/import_scot.log /usr/sap/trans/refresh/scripts/import_SCOT
4 ETW000 Connected to DBMS = ORACLE --- dbs_ora_tnsname = 'RQ2' --- SYSTEM = 'RQ2'.
4 ETW690 COMMIT "0" "0"
4 ETW000  trace at level 1 opened for a given file pointer
4 ETW000 
4 ETW000 ================== STEP 1 =====================
4 ETW000 date&time        : 30.07.2012 - 09:04:55
4 ETW000 function         : IMPORT
4 ETW000 data file        : /usr/sap/trans/refresh/saved_tables/Saved_TABLE_SCOT
4 ETW000 buffersync       : YES
4 ETW000 client           : 100
4 ETW000 repeatimport     : NO
4 ETW000 repeatclimport   : NO
4 ETW000 c.s.i.           : NO
4 ETW000 charsetadapt     : YES
4 ETW000 def. charset     : WEUROPEAN
4 ETW000 commit           : 100000
4 ETW000 table cache      : dynamic
4 ETW000 
4 ETW000 Data file is compressed with algorithm 'L'.
4 ETW000 export timestamp: 20120720214047
3 ETW709 "702 "
4 ETW000 exported with R3trans version: 19.08.11 - 15:45:00
4 ETW000 Source System = Solaris on SPARCV9 CPU on DBMS = ORACLE --- dbs_ora_tnsname = 'RQ2' --- SYSTEM = 'RQ2'.
3WETW000 source system == target system.
4 ETW000 
4 ETW000 language vector during export: ABCDEFGHIJKLMNOPQRSTUVWXYZ0123456789abcdi(),./:;&
4 ETW000 language vector during export: ABCDEFGHIJKLMNOPQRSTUVWXYZ0123456789abcdi(),./:;& (ISO-ARHECSDEENFRELHUITJADAPLZFNLNOPTSKRUESTRFISVBGLTLVZ1SRZHTHKOROSLHRMSUKETAFISCASHIDZ2Z3Z4Z5Z6Z7Z8Z9)
4 ETW000 lsm during export: VECTOR
3 ETW674Xstart import of "              000000R3TRCNTDSOOS" ...
4 ETW000 1787428 entries from SOOS (100) deleted.
4 ETW690 COMMIT "1322696720" "1322696720"
4 ETW675 end import of "              000000R3TRCNTDSOOS".
3 ETW674Xstart import of "              000000R3TRCNTDSOST" ...
4 ETW000 3554330 entries from SOST (100) deleted.
4 ETW675 end import of "              000000R3TRCNTDSOST".
4 ETW000   0 tables in P-buffer synchronized.
4 ETW000   0 tables in R-buffer synchronized.
4 ETW690 COMMIT "0" "1322696720"
4 ETW000 1699 bytes read.
4 ETW000 Transport overhead 51.6 %.
4 ETW000 Data compressed to 17.8 %.
4 ETW000 Duration: 44:03 min.
3 ETW710 "1" "1"
4 ETW000 
4 ETW000 Summary:
4 ETW000 
4 ETW000 Totally 5341758 tabentries deleted.
4 ETW000 1322696720 bytes modified in database.
4 ETW000  [     dev trc,00000]  Mon Jul 30 09:48:58 2012                                             -1651837364  2643.129932
4 ETW000  [     dev trc,00000]  Disconnecting from ALL connections:                                       35  2643.129967
4 ETW000  [     dev trc,00000]  Disconnecting from connection 0 ...                                       63  2643.130030
4 ETW000  [     dev trc,00000]  Closing user session (con=0, svc=102ba8318, usr=102c1dc30)               636  2643.130666
4 ETW000  [     dev trc,00000]  Server handle (con=0,svchp=102ba8318,srvhp=102bce800) detached          1803  2643.132469
4 ETW000  [     dev trc,00000]  Disconnected (con=0) from ORACLE.                                         50  2643.132519
4 ETW000  [     dev trc,00000]  Disconnected from connection 0                                            40  2643.132559
4 ETW000  [     dev trc,00000]  statistics db_con_commit (com_total=3, com_tx=3)                          42  2643.132601
4 ETW000  [     dev trc,00000]  statistics db_con_rollback (roll_total=0, roll_tx=0)                      42  2643.132643
4 ETW000 Disconnected from database.
4 ETW000 End of Transport (0004).
4 ETW000 date&time: 30.07.2012 - 09:48:58
4 ETW000 1 warning occured.
