4 ETW000 R3trans version 6.14 (release 700 - 24.04.08 - 14:09:00).
4 ETW000 unicode enabled version
4 ETW000 ===============================================
4 ETW000 
4 ETW000 date&time   : 16.10.2008 - 12:13:38
4 ETW000 control file: /usr/sap/trans/refresh/scripts/import_T000
4 ETW000 > Import
4 ETW000 > FILE='/usr/sap/trans/refresh/saved_tables/Saved_TABLE_T000'
4 ETW000 > CLIENT=0
4 ETW000 R3trans was called as follows: R3trans -w /usr/sap/trans/refresh/logs/import_scc4.log /usr/sap/trans/refresh/scripts/import_T000
4 ETW000 Connected to DBMS = ORACLE --- dbs_ora_tnsname = 'RQ2' --- SYSTEM = 'RQ2'.
4 ETW690 COMMIT "0" "0"
4 ETW000  trace at level 1 opened for a given file pointer
4 ETW000 
4 ETW000 ================== STEP 1 =====================
4 ETW000 date&time        : 16.10.2008 - 12:13:38
4 ETW000 function         : IMPORT
4 ETW000 data file        : /usr/sap/trans/refresh/saved_tables/Saved_TABLE_T000
4 ETW000 buffersync       : YES
4 ETW000 client           : 000
4 ETW000 repeatimport     : NO
4 ETW000 repeatclimport   : NO
4 ETW000 c.s.i.           : NO
4 ETW000 l.s.m.           : VECTOR
4 ETW000 charsetadapt     : YES
4 ETW000 def. charset     : WEUROPEAN
4 ETW000 commit           : 100000
4 ETW000 table cache      : dynamic
4 ETW000 
4 ETW000 Data file is compressed with algorithm 'L'.
4 ETW000 Export was executed on 10.10.2008 at 15:58:11 by rq2adm      
3 ETW709 "700 "
4 ETW000   with R3trans version: 24.04.08 - 14:09:00
4 ETW000 Source System = Solaris on SPARCV9 CPU on DBMS = ORACLE --- dbs_ora_tnsname = 'RQ2' --- SYSTEM = 'RQ2'.
3WETW000 source system == target system.
4 ETW000 
4 ETW000 language vector during export: ABCDEFGHIJKLMNOPQRSTUVWXYZ0123456789abcdi(),./:;&
4 ETW000 language vector during export: ABCDEFGHIJKLMNOPQRSTUVWXYZ0123456789abcdi(),./:;& (ISO-ARHECSDEENFRELHUITJADAPLZFNLNOPTSKRUESTRFISVBGLTLVZ1SRZHTHKOROSLHRMSUKETAFISCASHIDZ2Z3Z4Z5Z6Z7Z8Z9)
4 ETW000 lsm during export: VECTOR
3 ETW674Xstart import of "              000000R3TRCNTDT000" ...
4 ETW690 COMMIT "0" "0"
4 ETW000  [dev trc     ,00000]  table logging switched off for all clients         81291  0.081291
4 ETW000   3 entries from T000 (%) deleted.
4 ETW675 end import of "              000000R3TRCNTDT000".
3 ETW674Xstart import of "              000000R3TRCNTDT000" ...
4 ETW000   3 entries for T000 inserted (*).
4 ETW675 end import of "              000000R3TRCNTDT000".
4 ETW000   0 tables in P-buffer synchronized.
4 ETW000   1 tables in R-buffer synchronized.
4 ETW690 COMMIT "1284" "1284"
4 ETW000 1206 bytes read.
4 ETW000 Transport overhead 58.7 %.
4 ETW000 Data compressed to 24.7 %.
4 ETW000 Duration: 0 sec (1206 bytes/sec).
3 ETW710 "1" "0"
4 ETW000 
4 ETW000 Summary:
4 ETW000 
4 ETW000 Totally 3 tabentries deleted.
4 ETW000 Totally 3 tabentries imported.
4 ETW000 1284 bytes modified in database.
4 ETW000  [dev trc     ,00000]  Disconnecting from ALL connections:                64477  0.145768
4 ETW000  [dev trc     ,00000]  Disconnecting from connection 0 ...                   45  0.145813
4 ETW000  [dev trc     ,00000]  Closing user session (con_hdl=0,svchp=0x10190b9a8,usrhp=0x1018fbb58)
4 ETW000                                                                             367  0.146180
4 ETW000  [dev trc     ,00000]  Detaching from DB Server (con_hdl=0,svchp=0x10190b9a8,srvhp=0x10190dc98)
4 ETW000                                                                             651  0.146831
4 ETW000  [dev trc     ,00000]  Now I'm disconnected from ORACLE                     791  0.147622
4 ETW000  [dev trc     ,00000]  Disconnected from connection 0                        32  0.147654
4 ETW000  [dev trc     ,00000]  statistics db_con_commit (com_total=3, com_tx=2)
4 ETW000                                                                              44  0.147698
4 ETW000  [dev trc     ,00000]  statistics db_con_rollback (roll_total=0, roll_tx=0)
4 ETW000                                                                              43  0.147741
4 ETW000 Disconnected from database.
4 ETW000 End of Transport (0004).
4 ETW000 date&time: 16.10.2008 - 12:13:38
4 ETW000 1 warning occured.
