4 ETW000 R3trans version 6.14 (release 700 - 24.04.08 - 14:09:00).
4 ETW000 unicode enabled version
4 ETW000 ===============================================
4 ETW000 
4 ETW000 date&time   : 16.10.2008 - 12:19:58
4 ETW000 control file: /usr/sap/trans/refresh/scripts/import_SPAD
4 ETW000 > Import
4 ETW000 > FILE='/usr/sap/trans/refresh/saved_tables/Saved_TABLE_SPAD'
4 ETW000 > CLIENT=100
4 ETW000 R3trans was called as follows: R3trans -w /usr/sap/trans/refresh/logs/import_spad.log /usr/sap/trans/refresh/scripts/import_SPAD
4 ETW000 Connected to DBMS = ORACLE --- dbs_ora_tnsname = 'RQ2' --- SYSTEM = 'RQ2'.
4 ETW690 COMMIT "0" "0"
4 ETW000  trace at level 1 opened for a given file pointer
4 ETW000 
4 ETW000 ================== STEP 1 =====================
4 ETW000 date&time        : 16.10.2008 - 12:19:58
4 ETW000 function         : IMPORT
4 ETW000 data file        : /usr/sap/trans/refresh/saved_tables/Saved_TABLE_SPAD
4 ETW000 buffersync       : YES
4 ETW000 client           : 100
4 ETW000 repeatimport     : NO
4 ETW000 repeatclimport   : NO
4 ETW000 c.s.i.           : NO
4 ETW000 l.s.m.           : VECTOR
4 ETW000 charsetadapt     : YES
4 ETW000 def. charset     : WEUROPEAN
4 ETW000 commit           : 100000
4 ETW000 table cache      : dynamic
4 ETW000 
4 ETW000 Data file is compressed with algorithm 'L'.
4 ETW000 Export was executed on 10.10.2008 at 15:58:55 by rq2adm      
3 ETW709 "700 "
4 ETW000   with R3trans version: 24.04.08 - 14:09:00
4 ETW000 Source System = Solaris on SPARCV9 CPU on DBMS = ORACLE --- dbs_ora_tnsname = 'RQ2' --- SYSTEM = 'RQ2'.
3WETW000 source system == target system.
4 ETW000 
4 ETW000 language vector during export: ABCDEFGHIJKLMNOPQRSTUVWXYZ0123456789abcdi(),./:;&
4 ETW000 language vector during export: ABCDEFGHIJKLMNOPQRSTUVWXYZ0123456789abcdi(),./:;& (ISO-ARHECSDEENFRELHUITJADAPLZFNLNOPTSKRUESTRFISVBGLTLVZ1SRZHTHKOROSLHRMSUKETAFISCASHIDZ2Z3Z4Z5Z6Z7Z8Z9)
4 ETW000 lsm during export: VECTOR
3 ETW674Xstart import of "              000000R3TRCNTDTSPSV" ...
4 ETW690 COMMIT "0" "0"
4 ETW000   2 entries from TSPSV (%) deleted.
4 ETW675 end import of "              000000R3TRCNTDTSPSV".
3 ETW674Xstart import of "              000000R3TRCNTDTSPSV" ...
4 ETW000   2 entries for TSPSV inserted (*).
4 ETW675 end import of "              000000R3TRCNTDTSPSV".
4 ETW000   0 tables in P-buffer synchronized.
4 ETW000   0 tables in R-buffer synchronized.
4 ETW690 COMMIT "1928" "1928"
4 ETW000 1216 bytes read.
4 ETW000 Transport overhead 54.7 %.
4 ETW000 Data compressed to 22.8 %.
4 ETW000 Duration: 0 sec (1216 bytes/sec).
3 ETW710 "1" "0"
4 ETW000 
4 ETW000 Summary:
4 ETW000 
4 ETW000 Totally 2 tabentries deleted.
4 ETW000 Totally 2 tabentries imported.
4 ETW000 1928 bytes modified in database.
4 ETW000  [dev trc     ,00000]  Disconnecting from ALL connections:                39065  0.039065
4 ETW000  [dev trc     ,00000]  Disconnecting from connection 0 ...                   46  0.039111
4 ETW000  [dev trc     ,00000]  Closing user session (con_hdl=0,svchp=0x10190b9a8,usrhp=0x1018fbb58)
4 ETW000                                                                             331  0.039442
4 ETW000  [dev trc     ,00000]  Detaching from DB Server (con_hdl=0,svchp=0x10190b9a8,srvhp=0x10190dc98)
4 ETW000                                                                             628  0.040070
4 ETW000  [dev trc     ,00000]  Now I'm disconnected from ORACLE                     802  0.040872
4 ETW000  [dev trc     ,00000]  Disconnected from connection 0                        33  0.040905
4 ETW000  [dev trc     ,00000]  statistics db_con_commit (com_total=3, com_tx=2)
4 ETW000                                                                              44  0.040949
4 ETW000  [dev trc     ,00000]  statistics db_con_rollback (roll_total=0, roll_tx=0)
4 ETW000                                                                              43  0.040992
4 ETW000 Disconnected from database.
4 ETW000 End of Transport (0004).
4 ETW000 date&time: 16.10.2008 - 12:19:58
4 ETW000 1 warning occured.
