4 ETW000 R3trans version 6.14 (release 701 - 12.06.09 - 15:20:00).
4 ETW000 unicode enabled version
4 ETW000 ===============================================
4 ETW000 
4 ETW000 date&time   : 14.07.2010 - 11:00:45
4 ETW000 control file: /usr/sap/trans/refresh/scripts/import_WE20
4 ETW000 > Import
4 ETW000 > FILE='/usr/sap/trans/refresh/saved_tables/Saved_TABLE_WE20'
4 ETW000 > CLIENT=100
4 ETW000 R3trans was called as follows: R3trans -w /usr/sap/trans/refresh/logs/import_we20.log /usr/sap/trans/refresh/scripts/import_WE20
4 ETW000 Connected to DBMS = ORACLE --- dbs_ora_tnsname = 'RQ2' --- SYSTEM = 'RQ2'.
4 ETW690 COMMIT "0" "0"
4 ETW000  trace at level 1 opened for a given file pointer
4 ETW000 
4 ETW000 ================== STEP 1 =====================
4 ETW000 date&time        : 14.07.2010 - 11:00:45
4 ETW000 function         : IMPORT
4 ETW000 data file        : /usr/sap/trans/refresh/saved_tables/Saved_TABLE_WE20
4 ETW000 buffersync       : YES
4 ETW000 client           : 100
4 ETW000 repeatimport     : NO
4 ETW000 repeatclimport   : NO
4 ETW000 c.s.i.           : NO
4 ETW000 l.s.m.           : VECTOR
4 ETW000 charsetadapt     : YES
4 ETW000 def. charset     : WEUROPEAN
4 ETW000 commit           : 100000
4 ETW000 table cache      : dynamic
4 ETW000 
4 ETW000 Data file is compressed with algorithm 'L'.
4 ETW000 Export was executed on 26.03.2010 at 15:50:53 by rq2adm      
3 ETW709 "701 "
4 ETW000   with R3trans version: 12.06.09 - 15:20:00
4 ETW000 Source System = Solaris on SPARCV9 CPU on DBMS = ORACLE --- dbs_ora_tnsname = 'RQ2' --- SYSTEM = 'RQ2'.
3WETW000 source system == target system.
4 ETW000 
4 ETW000 language vector during export: ABCDEFGHIJKLMNOPQRSTUVWXYZ0123456789abcdi(),./:;&
4 ETW000 language vector during export: ABCDEFGHIJKLMNOPQRSTUVWXYZ0123456789abcdi(),./:;& (ISO-ARHECSDEENFRELHUITJADAPLZFNLNOPTSKRUESTRFISVBGLTLVZ1SRZHTHKOROSLHRMSUKETAFISCASHIDZ2Z3Z4Z5Z6Z7Z8Z9)
4 ETW000 lsm during export: VECTOR
3 ETW674Xstart import of "              000000R3TRCNTDEDPP1" ...
4 ETW000  [dev trc     ,00000]  table logging switched off for all clients                            162821  0.162821
4 ETW000   7 entries from EDPP1 (100) deleted.
4 ETW675 end import of "              000000R3TRCNTDEDPP1".
3 ETW674Xstart import of "              000000R3TRCNTDEDPP1" ...
4 ETW000   7 entries for EDPP1 inserted (100*).
4 ETW675 end import of "              000000R3TRCNTDEDPP1".
3 ETW674Xstart import of "              000000R3TRCNTDT002" ...
4 ETW000  41 entries from T002 (%) deleted.
4 ETW675 end import of "              000000R3TRCNTDT002".
3 ETW674Xstart import of "              000000R3TRCNTDT002" ...
4 ETW000  41 entries for T002 inserted (*).
4 ETW675 end import of "              000000R3TRCNTDT002".
3 ETW674Xstart import of "              000000R3TRCNTDT002T" ...
4 ETW000 1230 entries from T002T (%) deleted.
4 ETW675 end import of "              000000R3TRCNTDT002T".
3 ETW674Xstart import of "              000000R3TRCNTDT002T" ...
4 ETW000 1230 entries for T002T inserted (*).
4 ETW675 end import of "              000000R3TRCNTDT002T".
3 ETW674Xstart import of "              000000R3TRCNTDTEDST" ...
4 ETW000   7 entries from TEDST (%) deleted.
4 ETW675 end import of "              000000R3TRCNTDTEDST".
3 ETW674Xstart import of "              000000R3TRCNTDTEDST" ...
4 ETW000   7 entries for TEDST inserted (*).
4 ETW675 end import of "              000000R3TRCNTDTEDST".
3 ETW674Xstart import of "              000000R3TRCNTDTEDTT" ...
4 ETW000  14 entries from TEDTT (%) deleted.
4 ETW675 end import of "              000000R3TRCNTDTEDTT".
3 ETW674Xstart import of "              000000R3TRCNTDTEDTT" ...
4 ETW000  14 entries for TEDTT inserted (*).
4 ETW675 end import of "              000000R3TRCNTDTEDTT".
3 ETW674Xstart import of "              000000R3TRCNTDEDMA" ...
4 ETW000   3 entries from EDMA (%) deleted.
4 ETW675 end import of "              000000R3TRCNTDEDMA".
3 ETW674Xstart import of "              000000R3TRCNTDEDMA" ...
4 ETW000   3 entries for EDMA inserted (*).
4 ETW675 end import of "              000000R3TRCNTDEDMA".
3 ETW674Xstart import of "              000000R3TRCNTDEDMAT" ...
4 ETW000   6 entries from EDMAT (%) deleted.
4 ETW675 end import of "              000000R3TRCNTDEDMAT".
3 ETW674Xstart import of "              000000R3TRCNTDEDMAT" ...
4 ETW000   6 entries for EDMAT inserted (*).
4 ETW690 COMMIT "100320" "100320"
4 ETW675 end import of "              000000R3TRCNTDEDMAT".
4 ETW000   0 tables in P-buffer synchronized.
4 ETW000   7 tables in R-buffer synchronized.
4 ETW690 COMMIT "0" "100320"
4 ETW000 13627 bytes read.
4 ETW000 Transport overhead 26.3 %.
4 ETW000 Data compressed to 19.3 %.
4 ETW000 Duration: 1 sec (13627 bytes/sec).
3 ETW710 "1" "1"
4 ETW000 
4 ETW000 Summary:
4 ETW000 
4 ETW000 Totally 1308 tabentries deleted.
4 ETW000 Totally 1308 tabentries imported.
4 ETW000 100320 bytes modified in database.
4 ETW000  [dev trc     ,00000]  Wed Jul 14 11:00:46 2010                                             1372325  1.535146
4 ETW000  [dev trc     ,00000]  Disconnecting from ALL connections:                                       30  1.535176
4 ETW000  [dev trc     ,00000]  Disconnecting from connection 0 ...                                       49  1.535225
4 ETW000  [dev trc     ,00000]  Closing user session (con_hdl=0,svchp=0x10191b678,usrhp=0x10190b618)
4 ETW000                                                                                                1047  1.536272
4 ETW000  [dev trc     ,00000]  Detaching from DB Server (con_hdl=0,svchp=0x10191b678,srvhp=0x10191ebf8)
4 ETW000                                                                                                1193  1.537465
4 ETW000  [dev trc     ,00000]  Now I'm disconnected from ORACLE                                        6583  1.544048
4 ETW000  [dev trc     ,00000]  Disconnected from connection 0                                            68  1.544116
4 ETW000  [dev trc     ,00000]  statistics db_con_commit (com_total=3, com_tx=2)                          46  1.544162
4 ETW000  [dev trc     ,00000]  statistics db_con_rollback (roll_total=0, roll_tx=0)                      36  1.544198
4 ETW000 Disconnected from database.
4 ETW000 End of Transport (0004).
4 ETW000 date&time: 14.07.2010 - 11:00:46
4 ETW000 1 warning occured.
