4 ETW000 R3trans version 6.22 (release 720 - 19.08.11 - 15:45:00).
4 ETW000 unicode enabled version
4 ETW000 ===============================================
4 ETW000 
4 ETW000 date&time   : 26.07.2012 - 11:14:58
4 ETW000 control file: /usr/sap/trans/refresh/scripts/import_SP01
4 ETW000 > Import
4 ETW000 > FILE='/usr/sap/trans/refresh/saved_tables/Saved_TABLE_SP01'
4 ETW000 > CLIENT=100
4 ETW000 R3trans was called as follows: R3trans -w /usr/sap/trans/refresh/logs/import_sp01.log /usr/sap/trans/refresh/scripts/import_SP01
4 ETW000 Connected to DBMS = ORACLE --- dbs_ora_tnsname = 'RQ2' --- SYSTEM = 'RQ2'.
4 ETW690 COMMIT "0" "0"
4 ETW000  trace at level 1 opened for a given file pointer
4 ETW000 
4 ETW000 ================== STEP 1 =====================
4 ETW000 date&time        : 26.07.2012 - 11:14:58
4 ETW000 function         : IMPORT
4 ETW000 data file        : /usr/sap/trans/refresh/saved_tables/Saved_TABLE_SP01
4 ETW000 buffersync       : YES
4 ETW000 client           : 100
4 ETW000 repeatimport     : NO
4 ETW000 repeatclimport   : NO
4 ETW000 c.s.i.           : NO
4 ETW000 charsetadapt     : YES
4 ETW000 def. charset     : WEUROPEAN
4 ETW000 commit           : 100000
4 ETW000 table cache      : dynamic
4 ETW000 
4 ETW000 Data file is compressed with algorithm 'L'.
4 ETW000 export timestamp: 20120720214212
3 ETW709 "702 "
4 ETW000 exported with R3trans version: 19.08.11 - 15:45:00
4 ETW000 Source System = Solaris on SPARCV9 CPU on DBMS = ORACLE --- dbs_ora_tnsname = 'RQ2' --- SYSTEM = 'RQ2'.
3WETW000 source system == target system.
4 ETW000 
4 ETW000 language vector during export: ABCDEFGHIJKLMNOPQRSTUVWXYZ0123456789abcdi(),./:;&
4 ETW000 language vector during export: ABCDEFGHIJKLMNOPQRSTUVWXYZ0123456789abcdi(),./:;& (ISO-ARHECSDEENFRELHUITJADAPLZFNLNOPTSKRUESTRFISVBGLTLVZ1SRZHTHKOROSLHRMSUKETAFISCASHIDZ2Z3Z4Z5Z6Z7Z8Z9)
4 ETW000 lsm during export: VECTOR
3 ETW674Xstart import of "              000000R3TRCNTDTSP01" ...
4 ETW000 2677 entries from TSP01 (%) deleted.
4 ETW690 COMMIT "2034520" "2034520"
4 ETW675 end import of "              000000R3TRCNTDTSP01".
4 ETW000   0 tables in P-buffer synchronized.
4 ETW000   0 tables in R-buffer synchronized.
4 ETW690 COMMIT "0" "2034520"
4 ETW000 1311 bytes read.
4 ETW000 Transport overhead 53.7 %.
4 ETW000 Data compressed to 23.1 %.
4 ETW000 Duration: 1 sec (1311 bytes/sec).
3 ETW710 "1" "0"
4 ETW000 
4 ETW000 Summary:
4 ETW000 
4 ETW000 Totally 2677 tabentries deleted.
4 ETW000 2034520 bytes modified in database.
4 ETW000  [     dev trc,00000]  Thu Jul 26 11:14:59 2012                                             1278226  1.278226
4 ETW000  [     dev trc,00000]  Disconnecting from ALL connections:                                       31  1.278257
4 ETW000  [     dev trc,00000]  Disconnecting from connection 0 ...                                       52  1.278309
4 ETW000  [     dev trc,00000]  Closing user session (con=0, svc=102ba8318, usr=102c1dc30)               470  1.278779
4 ETW000  [     dev trc,00000]  Server handle (con=0,svchp=102ba8318,srvhp=102bce800) detached          1695  1.280474
4 ETW000  [     dev trc,00000]  Disconnected (con=0) from ORACLE.                                         48  1.280522
4 ETW000  [     dev trc,00000]  Disconnected from connection 0                                            40  1.280562
4 ETW000  [     dev trc,00000]  statistics db_con_commit (com_total=3, com_tx=2)                          40  1.280602
4 ETW000  [     dev trc,00000]  statistics db_con_rollback (roll_total=0, roll_tx=0)                      41  1.280643
4 ETW000 Disconnected from database.
4 ETW000 End of Transport (0004).
4 ETW000 date&time: 26.07.2012 - 11:14:59
4 ETW000 1 warning occured.
