4 ETW000 R3trans version 6.14 (release 701 - 12.06.09 - 15:20:00).
4 ETW000 unicode enabled version
4 ETW000 ===============================================
4 ETW000 
4 ETW000 date&time   : 27.10.2010 - 10:15:28
4 ETW000 control file: /usr/sap/trans/refresh/scripts/import_SMLG
4 ETW000 > Import
4 ETW000 > FILE='/usr/sap/trans/refresh/saved_tables/Saved_TABLE_RZLLITAB'
4 ETW000 > CLIENT=0
4 ETW000 R3trans was called as follows: R3trans -w /usr/sap/trans/refresh/logs/import_smlg.log /usr/sap/trans/refresh/scripts/import_SMLG
4 ETW000 Connected to DBMS = ORACLE --- dbs_ora_tnsname = 'RQ2' --- SYSTEM = 'RQ2'.
4 ETW690 COMMIT "0" "0"
4 ETW000  trace at level 1 opened for a given file pointer
4 ETW000 
4 ETW000 ================== STEP 1 =====================
4 ETW000 date&time        : 27.10.2010 - 10:15:28
4 ETW000 function         : IMPORT
4 ETW000 data file        : /usr/sap/trans/refresh/saved_tables/Saved_TABLE_RZLLITAB
4 ETW000 buffersync       : YES
4 ETW000 client           : 000
4 ETW000 repeatimport     : NO
4 ETW000 repeatclimport   : NO
4 ETW000 c.s.i.           : NO
4 ETW000 l.s.m.           : VECTOR
4 ETW000 charsetadapt     : YES
4 ETW000 def. charset     : WEUROPEAN
4 ETW000 commit           : 100000
4 ETW000 table cache      : dynamic
4 ETW000 
4 ETW000 Data file is compressed with algorithm 'L'.
4 ETW000 Export was executed on 22.10.2010 at 16:17:32 by rq2adm      
3 ETW709 "701 "
4 ETW000   with R3trans version: 12.06.09 - 15:20:00
4 ETW000 Source System = Solaris on SPARCV9 CPU on DBMS = ORACLE --- dbs_ora_tnsname = 'RQ2' --- SYSTEM = 'RQ2'.
3WETW000 source system == target system.
4 ETW000 
4 ETW000 language vector during export: ABCDEFGHIJKLMNOPQRSTUVWXYZ0123456789abcdi(),./:;&
4 ETW000 language vector during export: ABCDEFGHIJKLMNOPQRSTUVWXYZ0123456789abcdi(),./:;& (ISO-ARHECSDEENFRELHUITJADAPLZFNLNOPTSKRUESTRFISVBGLTLVZ1SRZHTHKOROSLHRMSUKETAFISCASHIDZ2Z3Z4Z5Z6Z7Z8Z9)
4 ETW000 lsm during export: VECTOR
3 ETW674Xstart import of "              000000R3TRCNTDRZLLITAB" ...
4 ETW000   2 entries from RZLLITAB (%) deleted.
4 ETW675 end import of "              000000R3TRCNTDRZLLITAB".
3 ETW674Xstart import of "              000000R3TRCNTDRZLLITAB" ...
4 ETW000   2 entries for RZLLITAB inserted (*).
4 ETW675 end import of "              000000R3TRCNTDRZLLITAB".
4 ETW000   0 tables in P-buffer synchronized.
4 ETW000   1 tables in R-buffer synchronized.
4 ETW690 COMMIT "824" "824"
4 ETW000 1036 bytes read.
4 ETW000 Transport overhead 64.5 %.
4 ETW000 Data compressed to 24.8 %.
4 ETW000 Duration: 0 sec (1036 bytes/sec).
3 ETW710 "1" "0"
4 ETW000 
4 ETW000 Summary:
4 ETW000 
4 ETW000 Totally 2 tabentries deleted.
4 ETW000 Totally 2 tabentries imported.
4 ETW000 824 bytes modified in database.
4 ETW000  [dev trc     ,00000]  Disconnecting from ALL connections:                                    14882  0.014882
4 ETW000  [dev trc     ,00000]  Disconnecting from connection 0 ...                                       50  0.014932
4 ETW000  [dev trc     ,00000]  Closing user session (con_hdl=0,svchp=0x10191b6d8,usrhp=0x10190b678)
4 ETW000                                                                                                 346  0.015278
4 ETW000  [dev trc     ,00000]  Detaching from DB Server (con_hdl=0,svchp=0x10191b6d8,srvhp=0x10191ec58)
4 ETW000                                                                                                 622  0.015900
4 ETW000  [dev trc     ,00000]  Now I'm disconnected from ORACLE                                         719  0.016619
4 ETW000  [dev trc     ,00000]  Disconnected from connection 0                                            38  0.016657
4 ETW000  [dev trc     ,00000]  statistics db_con_commit (com_total=2, com_tx=2)                          43  0.016700
4 ETW000  [dev trc     ,00000]  statistics db_con_rollback (roll_total=0, roll_tx=0)                      35  0.016735
4 ETW000 Disconnected from database.
4 ETW000 End of Transport (0004).
4 ETW000 date&time: 27.10.2010 - 10:15:28
4 ETW000 1 warning occured.
